<?xml version="1.0" encoding="UTF-8"?>
<!-- Generated by org.testng.reporters.JUnitReportReporter -->
<testsuite hostname="DESKTOP-RG929E9" failures="0" tests="2" name="SortTest" time="34.550" errors="0" timestamp="2024-05-11T06:41:20 AMT" skipped="0">
  <testcase classname="SortTest" name="testSortByPriceLowToHigh" time="20.501"/>
  <testcase classname="SortTest" name="testSortByPriceHighToLow" time="14.049"/>
</testsuite> <!-- SortTest -->
