<?xml version="1.0" encoding="UTF-8"?>
<!-- Generated by org.testng.reporters.JUnitReportReporter -->
<testsuite hostname="DESKTOP-RG929E9" failures="0" tests="1" name="AddBasketTest" time="22.004" errors="0" timestamp="2024-05-11T06:41:20 AMT" skipped="0">
  <testcase classname="AddBasketTest" name="testAddBookToBasket" time="22.004"/>
</testsuite> <!-- AddBasketTest -->
