<?xml version="1.0" encoding="UTF-8"?>
<!-- Generated by org.testng.reporters.JUnitReportReporter -->
<testsuite hostname="DESKTOP-RG929E9" failures="0" tests="2" name="QuantityChangeTest" time="38.342" errors="0" timestamp="2024-05-12T23:20:13 AMT" skipped="0">
  <testcase classname="QuantityChangeTest" name="testIncreaseItemQuantity" time="17.231"/>
  <testcase classname="QuantityChangeTest" name="testDecreaseItemQuantity" time="21.111"/>
</testsuite> <!-- QuantityChangeTest -->
