<?xml version="1.0" encoding="UTF-8"?>
<!-- Generated by org.testng.reporters.JUnitReportReporter -->
<testsuite hostname="DESKTOP-RG929E9" failures="0" tests="3" name="SearchTest" time="32.682" errors="0" timestamp="2024-05-12T23:20:13 AMT" skipped="0">
  <testcase classname="SearchTest" name="testInvalidInput" time="12.534"/>
  <testcase classname="SearchTest" name="testEmptySearchField" time="6.827"/>
  <testcase classname="SearchTest" name="testValidInput" time="13.321"/>
</testsuite> <!-- SearchTest -->
