<?xml version="1.0" encoding="UTF-8"?>
<!-- Generated by org.testng.reporters.JUnitReportReporter -->
<testsuite hostname="DESKTOP-RG929E9" failures="0" tests="1" name="AddBasketTest" time="16.425" errors="0" timestamp="2024-05-12T23:20:13 AMT" skipped="0">
  <testcase classname="AddBasketTest" name="testAddBookToBasket" time="16.425"/>
</testsuite> <!-- AddBasketTest -->
