<?xml version="1.0" encoding="UTF-8"?>
<!-- Generated by org.testng.reporters.JUnitReportReporter -->
<testsuite hostname="DESKTOP-RG929E9" failures="0" tests="2" name="SortTest" time="36.127" errors="0" timestamp="2024-05-12T23:20:13 AMT" skipped="0">
  <testcase classname="SortTest" name="testSortByPriceLowToHigh" time="18.079"/>
  <testcase classname="SortTest" name="testSortByPriceHighToLow" time="18.048"/>
</testsuite> <!-- SortTest -->
