<?xml version="1.0" encoding="UTF-8"?>
<!-- Generated by org.testng.reporters.JUnitReportReporter -->
<testsuite hostname="DESKTOP-RG929E9" failures="0" tests="2" name="QuantityChangeTest" time="32.374" errors="0" timestamp="2024-05-11T06:41:20 AMT" skipped="0">
  <testcase classname="QuantityChangeTest" name="testIncreaseItemQuantity" time="14.386"/>
  <testcase classname="QuantityChangeTest" name="testDecreaseItemQuantity" time="17.988"/>
</testsuite> <!-- QuantityChangeTest -->
